2020-01-02 17:29:43,369 ERROR 18680 [-/172.16.10.225/-/2ms GET /api/v1/users] nodejs.TypeError: ctx.service.users.query is not a function
    at UserController.findAll (F:\self\end-node\egg-example\app\controller\users.js:7:42)
    at Object.callFn (F:\self\end-node\egg-example\node_modules\egg-core\lib\utils\index.js:44:21)
    at Object.classControllerMiddleware (F:\self\end-node\egg-example\node_modules\egg-core\lib\loader\mixin\controller.js:87:20)
    at Object.callFn (F:\self\end-node\egg-example\node_modules\@eggjs\router\lib\utils.js:12:21)
    at wrappedController (F:\self\end-node\egg-example\node_modules\@eggjs\router\lib\egg_router.js:322:18)
    at dispatch (F:\self\end-node\egg-example\node_modules\koa-compose\index.js:44:32)
    at next (F:\self\end-node\egg-example\node_modules\koa-compose\index.js:45:18)
    at F:\self\end-node\egg-example\node_modules\@eggjs\router\lib\router.js:190:18
    at dispatch (F:\self\end-node\egg-example\node_modules\koa-compose\index.js:44:32)
    at F:\self\end-node\egg-example\node_modules\koa-compose\index.js:36:12

pid: 18680
hostname: X-201901301033

2020-01-02 17:29:45,481 ERROR 18680 [-/172.16.10.225/-/1ms GET /api/v1/users] nodejs.TypeError: ctx.service.users.query is not a function
    at UserController.findAll (F:\self\end-node\egg-example\app\controller\users.js:7:42)
    at Object.callFn (F:\self\end-node\egg-example\node_modules\egg-core\lib\utils\index.js:44:21)
    at Object.classControllerMiddleware (F:\self\end-node\egg-example\node_modules\egg-core\lib\loader\mixin\controller.js:87:20)
    at Object.callFn (F:\self\end-node\egg-example\node_modules\@eggjs\router\lib\utils.js:12:21)
    at wrappedController (F:\self\end-node\egg-example\node_modules\@eggjs\router\lib\egg_router.js:322:18)
    at dispatch (F:\self\end-node\egg-example\node_modules\koa-compose\index.js:44:32)
    at next (F:\self\end-node\egg-example\node_modules\koa-compose\index.js:45:18)
    at F:\self\end-node\egg-example\node_modules\@eggjs\router\lib\router.js:190:18
    at dispatch (F:\self\end-node\egg-example\node_modules\koa-compose\index.js:44:32)
    at F:\self\end-node\egg-example\node_modules\koa-compose\index.js:36:12

pid: 18680
hostname: X-201901301033

