2020-01-02 12:17:37,041 INFO 15996 [egg:logger] init all loggers with options: {"dir":"F:\\self\\end-node\\egg-example\\logs\\egg-example","encoding":"utf8","env":"local","level":"INFO","consoleLevel":"INFO","disableConsoleAfterReady":false,"outputJSON":false,"buffer":true,"appLogName":"egg-example-web.log","coreLogName":"egg-web.log","agentLogName":"egg-agent.log","errorLogName":"common-error.log","coreLogger":{"consoleLevel":"WARN"},"allowDebugAtProd":false,"type":"application"}
2020-01-02 12:17:37,081 INFO 15996 [egg-multipart] stream mode enable
2020-01-02 12:17:37,082 INFO 15996 [egg-mysql] connecting root@localhost:3306/egg
2020-01-02 12:17:37,321 INFO 15996 [egg-static] starting static serve /public/ -> F:\self\end-node\egg-example\app\public
2020-01-02 12:17:37,325 INFO 15996 [egg-security] use methodnoallow middleware
2020-01-02 12:17:37,326 INFO 15996 [egg-security] use noopen middleware
2020-01-02 12:17:37,328 INFO 15996 [egg-security] use nosniff middleware
2020-01-02 12:17:37,328 INFO 15996 [egg-security] use xssProtection middleware
2020-01-02 12:17:37,329 INFO 15996 [egg-security] use xframe middleware
2020-01-02 12:17:37,331 INFO 15996 [egg-security] use dta middleware
2020-01-02 12:17:37,331 INFO 15996 [egg-security] compose 6 middlewares into one security middleware
2020-01-02 12:17:37,346 INFO 15996 [egg:core] dump config after load, 7ms
2020-01-02 12:17:37,366 INFO 15996 [egg-watcher:application] watcher start success
2020-01-02 12:17:37,369 INFO 15996 [egg-mysql] instance[0] status OK, rds currentTime: Thu Jan 02 2020 12:17:37 GMT+0800 (GMT+08:00)
2020-01-02 12:17:37,377 INFO 15996 [egg:core] dump config after ready, 6ms
2020-01-02 12:18:40,615 INFO 16356 [egg:logger] init all loggers with options: {"dir":"F:\\self\\end-node\\egg-example\\logs\\egg-example","encoding":"utf8","env":"local","level":"INFO","consoleLevel":"INFO","disableConsoleAfterReady":false,"outputJSON":false,"buffer":true,"appLogName":"egg-example-web.log","coreLogName":"egg-web.log","agentLogName":"egg-agent.log","errorLogName":"common-error.log","coreLogger":{"consoleLevel":"WARN"},"allowDebugAtProd":false,"type":"application"}
2020-01-02 12:18:40,655 INFO 16356 [egg-multipart] stream mode enable
2020-01-02 12:18:40,656 INFO 16356 [egg-mysql] connecting root@localhost:3306/egg
2020-01-02 12:18:40,888 INFO 16356 [egg-static] starting static serve /public/ -> F:\self\end-node\egg-example\app\public
2020-01-02 12:18:40,892 INFO 16356 [egg-security] use methodnoallow middleware
2020-01-02 12:18:40,893 INFO 16356 [egg-security] use noopen middleware
2020-01-02 12:18:40,894 INFO 16356 [egg-security] use nosniff middleware
2020-01-02 12:18:40,896 INFO 16356 [egg-security] use xssProtection middleware
2020-01-02 12:18:40,897 INFO 16356 [egg-security] use xframe middleware
2020-01-02 12:18:40,898 INFO 16356 [egg-security] use dta middleware
2020-01-02 12:18:40,898 INFO 16356 [egg-security] compose 6 middlewares into one security middleware
2020-01-02 12:18:40,912 INFO 16356 [egg:core] dump config after load, 6ms
2020-01-02 12:18:40,932 INFO 16356 [egg-watcher:application] watcher start success
2020-01-02 12:18:40,935 INFO 16356 [egg-mysql] instance[0] status OK, rds currentTime: Thu Jan 02 2020 12:18:40 GMT+0800 (GMT+08:00)
2020-01-02 12:18:40,943 INFO 16356 [egg:core] dump config after ready, 6ms
2020-01-02 12:18:42,914 INFO 15528 [egg:logger] init all loggers with options: {"dir":"F:\\self\\end-node\\egg-example\\logs\\egg-example","encoding":"utf8","env":"local","level":"INFO","consoleLevel":"INFO","disableConsoleAfterReady":false,"outputJSON":false,"buffer":true,"appLogName":"egg-example-web.log","coreLogName":"egg-web.log","agentLogName":"egg-agent.log","errorLogName":"common-error.log","coreLogger":{"consoleLevel":"WARN"},"allowDebugAtProd":false,"type":"application"}
2020-01-02 12:18:42,954 INFO 15528 [egg-multipart] stream mode enable
2020-01-02 12:18:42,955 INFO 15528 [egg-mysql] connecting root@localhost:3306/egg
2020-01-02 12:18:43,185 INFO 15528 [egg-static] starting static serve /public/ -> F:\self\end-node\egg-example\app\public
2020-01-02 12:18:43,189 INFO 15528 [egg-security] use methodnoallow middleware
2020-01-02 12:18:43,190 INFO 15528 [egg-security] use noopen middleware
2020-01-02 12:18:43,191 INFO 15528 [egg-security] use nosniff middleware
2020-01-02 12:18:43,193 INFO 15528 [egg-security] use xssProtection middleware
2020-01-02 12:18:43,194 INFO 15528 [egg-security] use xframe middleware
2020-01-02 12:18:43,195 INFO 15528 [egg-security] use dta middleware
2020-01-02 12:18:43,195 INFO 15528 [egg-security] compose 6 middlewares into one security middleware
2020-01-02 12:18:43,211 INFO 15528 [egg:core] dump config after load, 8ms
2020-01-02 12:18:43,225 INFO 15528 [egg-watcher:application] watcher start success
2020-01-02 12:18:43,235 INFO 15528 [egg-mysql] instance[0] status OK, rds currentTime: Thu Jan 02 2020 12:18:43 GMT+0800 (GMT+08:00)
2020-01-02 12:18:43,244 INFO 15528 [egg:core] dump config after ready, 7ms
2020-01-02 12:18:55,487 INFO 11380 [egg:logger] init all loggers with options: {"dir":"F:\\self\\end-node\\egg-example\\logs\\egg-example","encoding":"utf8","env":"local","level":"INFO","consoleLevel":"INFO","disableConsoleAfterReady":false,"outputJSON":false,"buffer":true,"appLogName":"egg-example-web.log","coreLogName":"egg-web.log","agentLogName":"egg-agent.log","errorLogName":"common-error.log","coreLogger":{"consoleLevel":"WARN"},"allowDebugAtProd":false,"type":"application"}
2020-01-02 12:18:55,526 INFO 11380 [egg-multipart] stream mode enable
2020-01-02 12:18:55,526 INFO 11380 [egg-mysql] connecting root@localhost:3306/egg
2020-01-02 12:18:55,753 INFO 11380 [egg-static] starting static serve /public/ -> F:\self\end-node\egg-example\app\public
2020-01-02 12:18:55,757 INFO 11380 [egg-security] use methodnoallow middleware
2020-01-02 12:18:55,758 INFO 11380 [egg-security] use noopen middleware
2020-01-02 12:18:55,760 INFO 11380 [egg-security] use nosniff middleware
2020-01-02 12:18:55,761 INFO 11380 [egg-security] use xssProtection middleware
2020-01-02 12:18:55,762 INFO 11380 [egg-security] use xframe middleware
2020-01-02 12:18:55,763 INFO 11380 [egg-security] use dta middleware
2020-01-02 12:18:55,763 INFO 11380 [egg-security] compose 6 middlewares into one security middleware
2020-01-02 12:18:55,778 INFO 11380 [egg:core] dump config after load, 7ms
2020-01-02 12:18:55,797 INFO 11380 [egg-watcher:application] watcher start success
2020-01-02 12:18:55,800 INFO 11380 [egg-mysql] instance[0] status OK, rds currentTime: Thu Jan 02 2020 12:18:55 GMT+0800 (GMT+08:00)
2020-01-02 12:18:55,808 INFO 11380 [egg:core] dump config after ready, 6ms
2020-01-02 12:19:18,343 INFO 5068 [egg:logger] init all loggers with options: {"dir":"F:\\self\\end-node\\egg-example\\logs\\egg-example","encoding":"utf8","env":"local","level":"INFO","consoleLevel":"INFO","disableConsoleAfterReady":false,"outputJSON":false,"buffer":true,"appLogName":"egg-example-web.log","coreLogName":"egg-web.log","agentLogName":"egg-agent.log","errorLogName":"common-error.log","coreLogger":{"consoleLevel":"WARN"},"allowDebugAtProd":false,"type":"application"}
2020-01-02 12:19:18,385 INFO 5068 [egg-multipart] stream mode enable
2020-01-02 12:19:18,386 INFO 5068 [egg-mysql] connecting root@localhost:3306/egg
2020-01-02 12:19:18,640 INFO 5068 [egg-static] starting static serve /public/ -> F:\self\end-node\egg-example\app\public
2020-01-02 12:19:18,644 INFO 5068 [egg-security] use methodnoallow middleware
2020-01-02 12:19:18,645 INFO 5068 [egg-security] use noopen middleware
2020-01-02 12:19:18,647 INFO 5068 [egg-security] use nosniff middleware
2020-01-02 12:19:18,649 INFO 5068 [egg-security] use xssProtection middleware
2020-01-02 12:19:18,650 INFO 5068 [egg-security] use xframe middleware
2020-01-02 12:19:18,651 INFO 5068 [egg-security] use dta middleware
2020-01-02 12:19:18,651 INFO 5068 [egg-security] compose 6 middlewares into one security middleware
2020-01-02 12:19:18,665 INFO 5068 [egg:core] dump config after load, 6ms
2020-01-02 12:19:18,690 INFO 5068 [egg-watcher:application] watcher start success
2020-01-02 12:19:18,693 INFO 5068 [egg-mysql] instance[0] status OK, rds currentTime: Thu Jan 02 2020 12:19:18 GMT+0800 (GMT+08:00)
2020-01-02 12:19:18,702 INFO 5068 [egg:core] dump config after ready, 7ms
2020-01-02 12:23:56,714 INFO 15912 [egg:logger] init all loggers with options: {"dir":"F:\\self\\end-node\\egg-example\\logs\\egg-example","encoding":"utf8","env":"local","level":"INFO","consoleLevel":"INFO","disableConsoleAfterReady":false,"outputJSON":false,"buffer":true,"appLogName":"egg-example-web.log","coreLogName":"egg-web.log","agentLogName":"egg-agent.log","errorLogName":"common-error.log","coreLogger":{"consoleLevel":"WARN"},"allowDebugAtProd":false,"type":"application"}
2020-01-02 12:23:56,755 INFO 15912 [egg-multipart] stream mode enable
2020-01-02 12:23:56,756 INFO 15912 [egg-mysql] connecting root@localhost:3306/egg
2020-01-02 12:23:56,995 INFO 15912 [egg-static] starting static serve /public/ -> F:\self\end-node\egg-example\app\public
2020-01-02 12:23:57,000 INFO 15912 [egg-security] use methodnoallow middleware
2020-01-02 12:23:57,001 INFO 15912 [egg-security] use noopen middleware
2020-01-02 12:23:57,003 INFO 15912 [egg-security] use nosniff middleware
2020-01-02 12:23:57,005 INFO 15912 [egg-security] use xssProtection middleware
2020-01-02 12:23:57,006 INFO 15912 [egg-security] use xframe middleware
2020-01-02 12:23:57,007 INFO 15912 [egg-security] use dta middleware
2020-01-02 12:23:57,007 INFO 15912 [egg-security] compose 6 middlewares into one security middleware
2020-01-02 12:23:57,024 INFO 15912 [egg:core] dump config after load, 6ms
2020-01-02 12:23:57,039 INFO 15912 [egg-watcher:application] watcher start success
2020-01-02 12:23:57,045 INFO 15912 [egg-mysql] instance[0] status OK, rds currentTime: Thu Jan 02 2020 12:23:57 GMT+0800 (GMT+08:00)
2020-01-02 12:23:57,053 INFO 15912 [egg:core] dump config after ready, 6ms
2020-01-02 12:24:13,637 INFO 13124 [egg:logger] init all loggers with options: {"dir":"F:\\self\\end-node\\egg-example\\logs\\egg-example","encoding":"utf8","env":"local","level":"INFO","consoleLevel":"INFO","disableConsoleAfterReady":false,"outputJSON":false,"buffer":true,"appLogName":"egg-example-web.log","coreLogName":"egg-web.log","agentLogName":"egg-agent.log","errorLogName":"common-error.log","coreLogger":{"consoleLevel":"WARN"},"allowDebugAtProd":false,"type":"application"}
2020-01-02 12:24:13,677 INFO 13124 [egg-multipart] stream mode enable
2020-01-02 12:24:13,678 INFO 13124 [egg-mysql] connecting root@localhost:3306/egg
2020-01-02 12:24:13,902 INFO 13124 [egg-static] starting static serve /public/ -> F:\self\end-node\egg-example\app\public
2020-01-02 12:24:13,906 INFO 13124 [egg-security] use methodnoallow middleware
2020-01-02 12:24:13,907 INFO 13124 [egg-security] use noopen middleware
2020-01-02 12:24:13,909 INFO 13124 [egg-security] use nosniff middleware
2020-01-02 12:24:13,909 INFO 13124 [egg-security] use xssProtection middleware
2020-01-02 12:24:13,910 INFO 13124 [egg-security] use xframe middleware
2020-01-02 12:24:13,911 INFO 13124 [egg-security] use dta middleware
2020-01-02 12:24:13,912 INFO 13124 [egg-security] compose 6 middlewares into one security middleware
2020-01-02 12:24:13,928 INFO 13124 [egg:core] dump config after load, 6ms
2020-01-02 12:24:13,944 INFO 13124 [egg-watcher:application] watcher start success
2020-01-02 12:24:13,950 INFO 13124 [egg-mysql] instance[0] status OK, rds currentTime: Thu Jan 02 2020 12:24:13 GMT+0800 (GMT+08:00)
2020-01-02 12:24:13,958 INFO 13124 [egg:core] dump config after ready, 6ms
2020-01-02 12:24:25,835 INFO 13808 [egg:logger] init all loggers with options: {"dir":"F:\\self\\end-node\\egg-example\\logs\\egg-example","encoding":"utf8","env":"local","level":"INFO","consoleLevel":"INFO","disableConsoleAfterReady":false,"outputJSON":false,"buffer":true,"appLogName":"egg-example-web.log","coreLogName":"egg-web.log","agentLogName":"egg-agent.log","errorLogName":"common-error.log","coreLogger":{"consoleLevel":"WARN"},"allowDebugAtProd":false,"type":"application"}
2020-01-02 12:24:25,875 INFO 13808 [egg-multipart] stream mode enable
2020-01-02 12:24:25,875 INFO 13808 [egg-mysql] connecting root@localhost:3306/egg
2020-01-02 12:24:26,100 INFO 13808 [egg-static] starting static serve /public/ -> F:\self\end-node\egg-example\app\public
2020-01-02 12:24:26,104 INFO 13808 [egg-security] use methodnoallow middleware
2020-01-02 12:24:26,105 INFO 13808 [egg-security] use noopen middleware
2020-01-02 12:24:26,107 INFO 13808 [egg-security] use nosniff middleware
2020-01-02 12:24:26,108 INFO 13808 [egg-security] use xssProtection middleware
2020-01-02 12:24:26,109 INFO 13808 [egg-security] use xframe middleware
2020-01-02 12:24:26,110 INFO 13808 [egg-security] use dta middleware
2020-01-02 12:24:26,110 INFO 13808 [egg-security] compose 6 middlewares into one security middleware
2020-01-02 12:24:26,127 INFO 13808 [egg:core] dump config after load, 7ms
2020-01-02 12:24:26,142 INFO 13808 [egg-watcher:application] watcher start success
2020-01-02 12:24:26,149 INFO 13808 [egg-mysql] instance[0] status OK, rds currentTime: Thu Jan 02 2020 12:24:26 GMT+0800 (GMT+08:00)
2020-01-02 12:24:26,157 INFO 13808 [egg:core] dump config after ready, 6ms
2020-01-02 12:25:01,401 INFO 11080 [egg:logger] init all loggers with options: {"dir":"F:\\self\\end-node\\egg-example\\logs\\egg-example","encoding":"utf8","env":"local","level":"INFO","consoleLevel":"INFO","disableConsoleAfterReady":false,"outputJSON":false,"buffer":true,"appLogName":"egg-example-web.log","coreLogName":"egg-web.log","agentLogName":"egg-agent.log","errorLogName":"common-error.log","coreLogger":{"consoleLevel":"WARN"},"allowDebugAtProd":false,"type":"application"}
2020-01-02 12:25:01,441 INFO 11080 [egg-multipart] stream mode enable
2020-01-02 12:25:01,441 INFO 11080 [egg-mysql] connecting root@localhost:3306/egg
2020-01-02 12:25:01,684 INFO 11080 [egg-static] starting static serve /public/ -> F:\self\end-node\egg-example\app\public
2020-01-02 12:25:01,687 INFO 11080 [egg-security] use methodnoallow middleware
2020-01-02 12:25:01,688 INFO 11080 [egg-security] use noopen middleware
2020-01-02 12:25:01,690 INFO 11080 [egg-security] use nosniff middleware
2020-01-02 12:25:01,691 INFO 11080 [egg-security] use xssProtection middleware
2020-01-02 12:25:01,692 INFO 11080 [egg-security] use xframe middleware
2020-01-02 12:25:01,693 INFO 11080 [egg-security] use dta middleware
2020-01-02 12:25:01,693 INFO 11080 [egg-security] compose 6 middlewares into one security middleware
2020-01-02 12:25:01,710 INFO 11080 [egg:core] dump config after load, 6ms
2020-01-02 12:25:01,729 INFO 11080 [egg-watcher:application] watcher start success
2020-01-02 12:25:01,733 INFO 11080 [egg-mysql] instance[0] status OK, rds currentTime: Thu Jan 02 2020 12:25:01 GMT+0800 (GMT+08:00)
2020-01-02 12:25:01,741 INFO 11080 [egg:core] dump config after ready, 6ms
2020-01-02 12:25:03,622 INFO 13424 [egg:logger] init all loggers with options: {"dir":"F:\\self\\end-node\\egg-example\\logs\\egg-example","encoding":"utf8","env":"local","level":"INFO","consoleLevel":"INFO","disableConsoleAfterReady":false,"outputJSON":false,"buffer":true,"appLogName":"egg-example-web.log","coreLogName":"egg-web.log","agentLogName":"egg-agent.log","errorLogName":"common-error.log","coreLogger":{"consoleLevel":"WARN"},"allowDebugAtProd":false,"type":"application"}
2020-01-02 12:25:03,667 INFO 13424 [egg-multipart] stream mode enable
2020-01-02 12:25:03,668 INFO 13424 [egg-mysql] connecting root@localhost:3306/egg
2020-01-02 12:25:03,894 INFO 13424 [egg-static] starting static serve /public/ -> F:\self\end-node\egg-example\app\public
2020-01-02 12:25:03,898 INFO 13424 [egg-security] use methodnoallow middleware
2020-01-02 12:25:03,900 INFO 13424 [egg-security] use noopen middleware
2020-01-02 12:25:03,902 INFO 13424 [egg-security] use nosniff middleware
2020-01-02 12:25:03,903 INFO 13424 [egg-security] use xssProtection middleware
2020-01-02 12:25:03,904 INFO 13424 [egg-security] use xframe middleware
2020-01-02 12:25:03,905 INFO 13424 [egg-security] use dta middleware
2020-01-02 12:25:03,905 INFO 13424 [egg-security] compose 6 middlewares into one security middleware
2020-01-02 12:25:03,921 INFO 13424 [egg:core] dump config after load, 6ms
2020-01-02 12:25:03,939 INFO 13424 [egg-watcher:application] watcher start success
2020-01-02 12:25:03,942 INFO 13424 [egg-mysql] instance[0] status OK, rds currentTime: Thu Jan 02 2020 12:25:03 GMT+0800 (GMT+08:00)
2020-01-02 12:25:03,950 INFO 13424 [egg:core] dump config after ready, 6ms
2020-01-02 12:27:47,859 INFO 15972 [egg:logger] init all loggers with options: {"dir":"F:\\self\\end-node\\egg-example\\logs\\egg-example","encoding":"utf8","env":"local","level":"INFO","consoleLevel":"INFO","disableConsoleAfterReady":false,"outputJSON":false,"buffer":true,"appLogName":"egg-example-web.log","coreLogName":"egg-web.log","agentLogName":"egg-agent.log","errorLogName":"common-error.log","coreLogger":{"consoleLevel":"WARN"},"allowDebugAtProd":false,"type":"application"}
2020-01-02 12:27:47,900 INFO 15972 [egg-multipart] stream mode enable
2020-01-02 12:27:47,900 INFO 15972 [egg-mysql] connecting root@localhost:3306/egg
2020-01-02 12:27:48,127 INFO 15972 [egg-static] starting static serve /public/ -> F:\self\end-node\egg-example\app\public
2020-01-02 12:27:48,130 INFO 15972 [egg-security] use methodnoallow middleware
2020-01-02 12:27:48,131 INFO 15972 [egg-security] use noopen middleware
2020-01-02 12:27:48,133 INFO 15972 [egg-security] use nosniff middleware
2020-01-02 12:27:48,134 INFO 15972 [egg-security] use xssProtection middleware
2020-01-02 12:27:48,135 INFO 15972 [egg-security] use xframe middleware
2020-01-02 12:27:48,136 INFO 15972 [egg-security] use dta middleware
2020-01-02 12:27:48,136 INFO 15972 [egg-security] compose 6 middlewares into one security middleware
2020-01-02 12:27:48,158 INFO 15972 [egg:core] dump config after load, 9ms
2020-01-02 12:27:48,183 INFO 15972 [egg-watcher:application] watcher start success
2020-01-02 12:27:48,193 INFO 15972 [egg-mysql] instance[0] status OK, rds currentTime: Thu Jan 02 2020 12:27:48 GMT+0800 (GMT+08:00)
2020-01-02 12:27:48,204 INFO 15972 [egg:core] dump config after ready, 8ms
2020-01-02 12:32:20,489 INFO 16300 [egg:logger] init all loggers with options: {"dir":"F:\\self\\end-node\\egg-example\\logs\\egg-example","encoding":"utf8","env":"local","level":"INFO","consoleLevel":"INFO","disableConsoleAfterReady":false,"outputJSON":false,"buffer":true,"appLogName":"egg-example-web.log","coreLogName":"egg-web.log","agentLogName":"egg-agent.log","errorLogName":"common-error.log","coreLogger":{"consoleLevel":"WARN"},"allowDebugAtProd":false,"type":"application"}
2020-01-02 12:32:20,529 INFO 16300 [egg-multipart] stream mode enable
2020-01-02 12:32:20,529 INFO 16300 [egg-mysql] connecting root@localhost:3306/egg
2020-01-02 12:32:20,774 INFO 16300 [egg-static] starting static serve /public/ -> F:\self\end-node\egg-example\app\public
2020-01-02 12:32:20,778 INFO 16300 [egg-security] use methodnoallow middleware
2020-01-02 12:32:20,780 INFO 16300 [egg-security] use noopen middleware
2020-01-02 12:32:20,781 INFO 16300 [egg-security] use nosniff middleware
2020-01-02 12:32:20,782 INFO 16300 [egg-security] use xssProtection middleware
2020-01-02 12:32:20,783 INFO 16300 [egg-security] use xframe middleware
2020-01-02 12:32:20,784 INFO 16300 [egg-security] use dta middleware
2020-01-02 12:32:20,784 INFO 16300 [egg-security] compose 6 middlewares into one security middleware
2020-01-02 12:32:20,800 INFO 16300 [egg:core] dump config after load, 6ms
2020-01-02 12:32:20,822 INFO 16300 [egg-watcher:application] watcher start success
2020-01-02 12:32:20,825 INFO 16300 [egg-mysql] instance[0] status OK, rds currentTime: Thu Jan 02 2020 12:32:20 GMT+0800 (GMT+08:00)
2020-01-02 12:32:20,838 INFO 16300 [egg:core] dump config after ready, 10ms
2020-01-02 12:38:38,581 INFO 7272 [egg:logger] init all loggers with options: {"dir":"F:\\self\\end-node\\egg-example\\logs\\egg-example","encoding":"utf8","env":"local","level":"INFO","consoleLevel":"INFO","disableConsoleAfterReady":false,"outputJSON":false,"buffer":true,"appLogName":"egg-example-web.log","coreLogName":"egg-web.log","agentLogName":"egg-agent.log","errorLogName":"common-error.log","coreLogger":{"consoleLevel":"WARN"},"allowDebugAtProd":false,"type":"application"}
2020-01-02 12:38:38,621 INFO 7272 [egg-multipart] stream mode enable
2020-01-02 12:38:38,622 INFO 7272 [egg-mysql] connecting root@localhost:3306/egg
2020-01-02 12:38:38,849 INFO 7272 [egg-static] starting static serve /public/ -> F:\self\end-node\egg-example\app\public
2020-01-02 12:38:38,854 INFO 7272 [egg-security] use methodnoallow middleware
2020-01-02 12:38:38,855 INFO 7272 [egg-security] use noopen middleware
2020-01-02 12:38:38,857 INFO 7272 [egg-security] use nosniff middleware
2020-01-02 12:38:38,858 INFO 7272 [egg-security] use xssProtection middleware
2020-01-02 12:38:38,859 INFO 7272 [egg-security] use xframe middleware
2020-01-02 12:38:38,860 INFO 7272 [egg-security] use dta middleware
2020-01-02 12:38:38,860 INFO 7272 [egg-security] compose 6 middlewares into one security middleware
2020-01-02 12:38:38,876 INFO 7272 [egg:core] dump config after load, 6ms
2020-01-02 12:38:38,891 INFO 7272 [egg-watcher:application] watcher start success
2020-01-02 12:38:38,897 INFO 7272 [egg-mysql] instance[0] status OK, rds currentTime: Thu Jan 02 2020 12:38:38 GMT+0800 (GMT+08:00)
2020-01-02 12:38:38,905 INFO 7272 [egg:core] dump config after ready, 6ms
2020-01-02 12:51:58,662 INFO 14248 [egg:logger] init all loggers with options: {"dir":"F:\\self\\end-node\\egg-example\\logs\\egg-example","encoding":"utf8","env":"local","level":"INFO","consoleLevel":"INFO","disableConsoleAfterReady":false,"outputJSON":false,"buffer":true,"appLogName":"egg-example-web.log","coreLogName":"egg-web.log","agentLogName":"egg-agent.log","errorLogName":"common-error.log","coreLogger":{"consoleLevel":"WARN"},"allowDebugAtProd":false,"type":"application"}
2020-01-02 12:51:58,706 INFO 14248 [egg-multipart] stream mode enable
2020-01-02 12:51:58,707 INFO 14248 [egg-mysql] connecting root@localhost:3306/egg
2020-01-02 12:51:58,949 INFO 14248 [egg-static] starting static serve /public/ -> F:\self\end-node\egg-example\app\public
2020-01-02 12:51:58,953 INFO 14248 [egg-security] use methodnoallow middleware
2020-01-02 12:51:58,955 INFO 14248 [egg-security] use noopen middleware
2020-01-02 12:51:58,957 INFO 14248 [egg-security] use nosniff middleware
2020-01-02 12:51:58,958 INFO 14248 [egg-security] use xssProtection middleware
2020-01-02 12:51:58,959 INFO 14248 [egg-security] use xframe middleware
2020-01-02 12:51:58,960 INFO 14248 [egg-security] use dta middleware
2020-01-02 12:51:58,960 INFO 14248 [egg-security] compose 6 middlewares into one security middleware
2020-01-02 12:51:58,977 INFO 14248 [egg:core] dump config after load, 6ms
2020-01-02 12:51:59,005 INFO 14248 [egg-watcher:application] watcher start success
2020-01-02 12:51:59,014 INFO 14248 [egg-mysql] instance[0] status OK, rds currentTime: Thu Jan 02 2020 12:51:59 GMT+0800 (GMT+08:00)
2020-01-02 12:51:59,027 INFO 14248 [egg:core] dump config after ready, 10ms
2020-01-02 12:52:00,832 INFO 15476 [egg:logger] init all loggers with options: {"dir":"F:\\self\\end-node\\egg-example\\logs\\egg-example","encoding":"utf8","env":"local","level":"INFO","consoleLevel":"INFO","disableConsoleAfterReady":false,"outputJSON":false,"buffer":true,"appLogName":"egg-example-web.log","coreLogName":"egg-web.log","agentLogName":"egg-agent.log","errorLogName":"common-error.log","coreLogger":{"consoleLevel":"WARN"},"allowDebugAtProd":false,"type":"application"}
2020-01-02 12:52:00,884 INFO 15476 [egg-multipart] stream mode enable
2020-01-02 12:52:00,884 INFO 15476 [egg-mysql] connecting root@localhost:3306/egg
2020-01-02 12:52:01,152 INFO 15476 [egg-static] starting static serve /public/ -> F:\self\end-node\egg-example\app\public
2020-01-02 12:52:01,156 INFO 15476 [egg-security] use methodnoallow middleware
2020-01-02 12:52:01,158 INFO 15476 [egg-security] use noopen middleware
2020-01-02 12:52:01,160 INFO 15476 [egg-security] use nosniff middleware
2020-01-02 12:52:01,161 INFO 15476 [egg-security] use xssProtection middleware
2020-01-02 12:52:01,162 INFO 15476 [egg-security] use xframe middleware
2020-01-02 12:52:01,163 INFO 15476 [egg-security] use dta middleware
2020-01-02 12:52:01,163 INFO 15476 [egg-security] compose 6 middlewares into one security middleware
2020-01-02 12:52:01,180 INFO 15476 [egg:core] dump config after load, 7ms
2020-01-02 12:52:01,204 INFO 15476 [egg-watcher:application] watcher start success
2020-01-02 12:52:01,208 INFO 15476 [egg-mysql] instance[0] status OK, rds currentTime: Thu Jan 02 2020 12:52:01 GMT+0800 (GMT+08:00)
2020-01-02 12:52:01,218 INFO 15476 [egg:core] dump config after ready, 9ms
2020-01-02 12:52:08,866 INFO 13136 [egg:logger] init all loggers with options: {"dir":"F:\\self\\end-node\\egg-example\\logs\\egg-example","encoding":"utf8","env":"local","level":"INFO","consoleLevel":"INFO","disableConsoleAfterReady":false,"outputJSON":false,"buffer":true,"appLogName":"egg-example-web.log","coreLogName":"egg-web.log","agentLogName":"egg-agent.log","errorLogName":"common-error.log","coreLogger":{"consoleLevel":"WARN"},"allowDebugAtProd":false,"type":"application"}
2020-01-02 12:52:08,907 INFO 13136 [egg-multipart] stream mode enable
2020-01-02 12:52:08,908 INFO 13136 [egg-mysql] connecting root@localhost:3306/egg
2020-01-02 12:52:09,145 INFO 13136 [egg-static] starting static serve /public/ -> F:\self\end-node\egg-example\app\public
2020-01-02 12:52:09,149 INFO 13136 [egg-security] use methodnoallow middleware
2020-01-02 12:52:09,150 INFO 13136 [egg-security] use noopen middleware
2020-01-02 12:52:09,152 INFO 13136 [egg-security] use nosniff middleware
2020-01-02 12:52:09,153 INFO 13136 [egg-security] use xssProtection middleware
2020-01-02 12:52:09,154 INFO 13136 [egg-security] use xframe middleware
2020-01-02 12:52:09,155 INFO 13136 [egg-security] use dta middleware
2020-01-02 12:52:09,155 INFO 13136 [egg-security] compose 6 middlewares into one security middleware
2020-01-02 12:52:09,171 INFO 13136 [egg:core] dump config after load, 7ms
2020-01-02 12:52:09,187 INFO 13136 [egg-watcher:application] watcher start success
2020-01-02 12:52:09,193 INFO 13136 [egg-mysql] instance[0] status OK, rds currentTime: Thu Jan 02 2020 12:52:09 GMT+0800 (GMT+08:00)
2020-01-02 12:52:09,202 INFO 13136 [egg:core] dump config after ready, 7ms
2020-01-02 12:52:18,265 INFO 14872 [egg:logger] init all loggers with options: {"dir":"F:\\self\\end-node\\egg-example\\logs\\egg-example","encoding":"utf8","env":"local","level":"INFO","consoleLevel":"INFO","disableConsoleAfterReady":false,"outputJSON":false,"buffer":true,"appLogName":"egg-example-web.log","coreLogName":"egg-web.log","agentLogName":"egg-agent.log","errorLogName":"common-error.log","coreLogger":{"consoleLevel":"WARN"},"allowDebugAtProd":false,"type":"application"}
2020-01-02 12:52:18,306 INFO 14872 [egg-multipart] stream mode enable
2020-01-02 12:52:18,306 INFO 14872 [egg-mysql] connecting root@localhost:3306/egg
2020-01-02 12:52:18,530 INFO 14872 [egg-static] starting static serve /public/ -> F:\self\end-node\egg-example\app\public
2020-01-02 12:52:18,534 INFO 14872 [egg-security] use methodnoallow middleware
2020-01-02 12:52:18,535 INFO 14872 [egg-security] use noopen middleware
2020-01-02 12:52:18,537 INFO 14872 [egg-security] use nosniff middleware
2020-01-02 12:52:18,538 INFO 14872 [egg-security] use xssProtection middleware
2020-01-02 12:52:18,539 INFO 14872 [egg-security] use xframe middleware
2020-01-02 12:52:18,540 INFO 14872 [egg-security] use dta middleware
2020-01-02 12:52:18,540 INFO 14872 [egg-security] compose 6 middlewares into one security middleware
2020-01-02 12:52:18,557 INFO 14872 [egg:core] dump config after load, 7ms
2020-01-02 12:52:18,572 INFO 14872 [egg-watcher:application] watcher start success
2020-01-02 12:52:18,578 INFO 14872 [egg-mysql] instance[0] status OK, rds currentTime: Thu Jan 02 2020 12:52:18 GMT+0800 (GMT+08:00)
2020-01-02 12:52:18,586 INFO 14872 [egg:core] dump config after ready, 6ms
2020-01-02 12:52:25,508 INFO 12464 [egg:logger] init all loggers with options: {"dir":"F:\\self\\end-node\\egg-example\\logs\\egg-example","encoding":"utf8","env":"local","level":"INFO","consoleLevel":"INFO","disableConsoleAfterReady":false,"outputJSON":false,"buffer":true,"appLogName":"egg-example-web.log","coreLogName":"egg-web.log","agentLogName":"egg-agent.log","errorLogName":"common-error.log","coreLogger":{"consoleLevel":"WARN"},"allowDebugAtProd":false,"type":"application"}
2020-01-02 12:52:25,550 INFO 12464 [egg-multipart] stream mode enable
2020-01-02 12:52:25,550 INFO 12464 [egg-mysql] connecting root@localhost:3306/egg
2020-01-02 12:52:25,834 INFO 12464 [egg-static] starting static serve /public/ -> F:\self\end-node\egg-example\app\public
2020-01-02 12:52:25,838 INFO 12464 [egg-security] use methodnoallow middleware
2020-01-02 12:52:25,840 INFO 12464 [egg-security] use noopen middleware
2020-01-02 12:52:25,842 INFO 12464 [egg-security] use nosniff middleware
2020-01-02 12:52:25,843 INFO 12464 [egg-security] use xssProtection middleware
2020-01-02 12:52:25,844 INFO 12464 [egg-security] use xframe middleware
2020-01-02 12:52:25,845 INFO 12464 [egg-security] use dta middleware
2020-01-02 12:52:25,845 INFO 12464 [egg-security] compose 6 middlewares into one security middleware
2020-01-02 12:52:25,863 INFO 12464 [egg:core] dump config after load, 7ms
2020-01-02 12:52:25,897 INFO 12464 [egg-watcher:application] watcher start success
2020-01-02 12:52:25,902 INFO 12464 [egg-mysql] instance[0] status OK, rds currentTime: Thu Jan 02 2020 12:52:25 GMT+0800 (GMT+08:00)
2020-01-02 12:52:25,911 INFO 12464 [egg:core] dump config after ready, 6ms
2020-01-02 13:01:06,246 INFO 16256 [egg:logger] init all loggers with options: {"dir":"F:\\self\\end-node\\egg-example\\logs\\egg-example","encoding":"utf8","env":"local","level":"INFO","consoleLevel":"INFO","disableConsoleAfterReady":false,"outputJSON":false,"buffer":true,"appLogName":"egg-example-web.log","coreLogName":"egg-web.log","agentLogName":"egg-agent.log","errorLogName":"common-error.log","coreLogger":{"consoleLevel":"WARN"},"allowDebugAtProd":false,"type":"application"}
2020-01-02 13:01:06,293 INFO 16256 [egg-multipart] stream mode enable
2020-01-02 13:01:06,294 INFO 16256 [egg-mysql] connecting root@localhost:3306/egg
2020-01-02 13:01:06,537 INFO 16256 [egg-static] starting static serve /public/ -> F:\self\end-node\egg-example\app\public
2020-01-02 13:01:06,541 INFO 16256 [egg-security] use methodnoallow middleware
2020-01-02 13:01:06,542 INFO 16256 [egg-security] use noopen middleware
2020-01-02 13:01:06,544 INFO 16256 [egg-security] use nosniff middleware
2020-01-02 13:01:06,545 INFO 16256 [egg-security] use xssProtection middleware
2020-01-02 13:01:06,546 INFO 16256 [egg-security] use xframe middleware
2020-01-02 13:01:06,547 INFO 16256 [egg-security] use dta middleware
2020-01-02 13:01:06,547 INFO 16256 [egg-security] compose 6 middlewares into one security middleware
2020-01-02 13:01:06,566 INFO 16256 [egg:core] dump config after load, 8ms
2020-01-02 13:01:06,582 INFO 16256 [egg-watcher:application] watcher start success
2020-01-02 13:01:06,590 INFO 16256 [egg-mysql] instance[0] status OK, rds currentTime: Thu Jan 02 2020 13:01:06 GMT+0800 (GMT+08:00)
2020-01-02 13:01:06,599 INFO 16256 [egg:core] dump config after ready, 7ms
2020-01-02 17:09:33,527 INFO 12560 [egg:logger] init all loggers with options: {"dir":"F:\\self\\end-node\\egg-example\\logs\\egg-example","encoding":"utf8","env":"local","level":"INFO","consoleLevel":"INFO","disableConsoleAfterReady":false,"outputJSON":false,"buffer":true,"appLogName":"egg-example-web.log","coreLogName":"egg-web.log","agentLogName":"egg-agent.log","errorLogName":"common-error.log","coreLogger":{"consoleLevel":"WARN"},"allowDebugAtProd":false,"type":"application"}
2020-01-02 17:09:33,567 INFO 12560 [egg-multipart] stream mode enable
2020-01-02 17:09:33,568 INFO 12560 [egg-mysql] connecting root@localhost:3306/egg
2020-01-02 17:09:33,796 INFO 12560 [egg-static] starting static serve /public/ -> F:\self\end-node\egg-example\app\public
2020-01-02 17:09:33,799 INFO 12560 [egg-security] use methodnoallow middleware
2020-01-02 17:09:33,801 INFO 12560 [egg-security] use noopen middleware
2020-01-02 17:09:33,802 INFO 12560 [egg-security] use nosniff middleware
2020-01-02 17:09:33,803 INFO 12560 [egg-security] use xssProtection middleware
2020-01-02 17:09:33,804 INFO 12560 [egg-security] use xframe middleware
2020-01-02 17:09:33,805 INFO 12560 [egg-security] use dta middleware
2020-01-02 17:09:33,806 INFO 12560 [egg-security] compose 6 middlewares into one security middleware
2020-01-02 17:09:33,823 INFO 12560 [egg:core] dump config after load, 7ms
2020-01-02 17:09:33,838 INFO 12560 [egg-watcher:application] watcher start success
2020-01-02 17:09:33,845 INFO 12560 [egg-mysql] instance[0] status OK, rds currentTime: Thu Jan 02 2020 17:09:33 GMT+0800 (GMT+08:00)
2020-01-02 17:09:33,860 INFO 12560 [egg:core] dump config after ready, 14ms
2020-01-02 17:09:52,828 INFO 19708 [egg:logger] init all loggers with options: {"dir":"F:\\self\\end-node\\egg-example\\logs\\egg-example","encoding":"utf8","env":"local","level":"INFO","consoleLevel":"INFO","disableConsoleAfterReady":false,"outputJSON":false,"buffer":true,"appLogName":"egg-example-web.log","coreLogName":"egg-web.log","agentLogName":"egg-agent.log","errorLogName":"common-error.log","coreLogger":{"consoleLevel":"WARN"},"allowDebugAtProd":false,"type":"application"}
2020-01-02 17:09:52,871 INFO 19708 [egg-multipart] stream mode enable
2020-01-02 17:09:52,872 INFO 19708 [egg-mysql] connecting root@localhost:3306/egg
2020-01-02 17:09:53,126 INFO 19708 [egg-static] starting static serve /public/ -> F:\self\end-node\egg-example\app\public
2020-01-02 17:09:53,130 INFO 19708 [egg-security] use methodnoallow middleware
2020-01-02 17:09:53,132 INFO 19708 [egg-security] use noopen middleware
2020-01-02 17:09:53,133 INFO 19708 [egg-security] use nosniff middleware
2020-01-02 17:09:53,134 INFO 19708 [egg-security] use xssProtection middleware
2020-01-02 17:09:53,135 INFO 19708 [egg-security] use xframe middleware
2020-01-02 17:09:53,137 INFO 19708 [egg-security] use dta middleware
2020-01-02 17:09:53,137 INFO 19708 [egg-security] compose 6 middlewares into one security middleware
2020-01-02 17:09:53,156 INFO 19708 [egg:core] dump config after load, 8ms
2020-01-02 17:09:53,174 INFO 19708 [egg-watcher:application] watcher start success
2020-01-02 17:09:53,180 INFO 19708 [egg-mysql] instance[0] status OK, rds currentTime: Thu Jan 02 2020 17:09:53 GMT+0800 (GMT+08:00)
2020-01-02 17:09:53,190 INFO 19708 [egg:core] dump config after ready, 8ms
2020-01-02 17:10:03,088 INFO 20348 [egg:logger] init all loggers with options: {"dir":"F:\\self\\end-node\\egg-example\\logs\\egg-example","encoding":"utf8","env":"local","level":"INFO","consoleLevel":"INFO","disableConsoleAfterReady":false,"outputJSON":false,"buffer":true,"appLogName":"egg-example-web.log","coreLogName":"egg-web.log","agentLogName":"egg-agent.log","errorLogName":"common-error.log","coreLogger":{"consoleLevel":"WARN"},"allowDebugAtProd":false,"type":"application"}
2020-01-02 17:10:03,129 INFO 20348 [egg-multipart] stream mode enable
2020-01-02 17:10:03,129 INFO 20348 [egg-mysql] connecting root@localhost:3306/egg
2020-01-02 17:10:03,361 INFO 20348 [egg-static] starting static serve /public/ -> F:\self\end-node\egg-example\app\public
2020-01-02 17:10:03,365 INFO 20348 [egg-security] use methodnoallow middleware
2020-01-02 17:10:03,366 INFO 20348 [egg-security] use noopen middleware
2020-01-02 17:10:03,368 INFO 20348 [egg-security] use nosniff middleware
2020-01-02 17:10:03,369 INFO 20348 [egg-security] use xssProtection middleware
2020-01-02 17:10:03,370 INFO 20348 [egg-security] use xframe middleware
2020-01-02 17:10:03,371 INFO 20348 [egg-security] use dta middleware
2020-01-02 17:10:03,371 INFO 20348 [egg-security] compose 6 middlewares into one security middleware
2020-01-02 17:10:03,389 INFO 20348 [egg:core] dump config after load, 8ms
2020-01-02 17:10:03,405 INFO 20348 [egg-watcher:application] watcher start success
2020-01-02 17:10:03,411 INFO 20348 [egg-mysql] instance[0] status OK, rds currentTime: Thu Jan 02 2020 17:10:03 GMT+0800 (GMT+08:00)
2020-01-02 17:10:03,420 INFO 20348 [egg:core] dump config after ready, 7ms
2020-01-02 17:28:47,300 INFO 20468 [egg:logger] init all loggers with options: {"dir":"F:\\self\\end-node\\egg-example\\logs\\egg-example","encoding":"utf8","env":"local","level":"INFO","consoleLevel":"INFO","disableConsoleAfterReady":false,"outputJSON":false,"buffer":true,"appLogName":"egg-example-web.log","coreLogName":"egg-web.log","agentLogName":"egg-agent.log","errorLogName":"common-error.log","coreLogger":{"consoleLevel":"WARN"},"allowDebugAtProd":false,"type":"application"}
2020-01-02 17:28:47,341 INFO 20468 [egg-multipart] stream mode enable
2020-01-02 17:28:47,342 INFO 20468 [egg-mysql] connecting root@localhost:3306/egg
2020-01-02 17:28:47,570 INFO 20468 [egg-static] starting static serve /public/ -> F:\self\end-node\egg-example\app\public
2020-01-02 17:28:47,574 INFO 20468 [egg-security] use methodnoallow middleware
2020-01-02 17:28:47,575 INFO 20468 [egg-security] use noopen middleware
2020-01-02 17:28:47,577 INFO 20468 [egg-security] use nosniff middleware
2020-01-02 17:28:47,578 INFO 20468 [egg-security] use xssProtection middleware
2020-01-02 17:28:47,579 INFO 20468 [egg-security] use xframe middleware
2020-01-02 17:28:47,580 INFO 20468 [egg-security] use dta middleware
2020-01-02 17:28:47,580 INFO 20468 [egg-security] compose 6 middlewares into one security middleware
2020-01-02 17:28:47,597 INFO 20468 [egg:core] dump config after load, 8ms
2020-01-02 17:28:47,614 INFO 20468 [egg-watcher:application] watcher start success
2020-01-02 17:28:47,621 INFO 20468 [egg-mysql] instance[0] status OK, rds currentTime: Thu Jan 02 2020 17:28:47 GMT+0800 (GMT+08:00)
2020-01-02 17:28:47,631 INFO 20468 [egg:core] dump config after ready, 8ms
2020-01-02 17:29:33,521 INFO 18680 [egg:logger] init all loggers with options: {"dir":"F:\\self\\end-node\\egg-example\\logs\\egg-example","encoding":"utf8","env":"local","level":"INFO","consoleLevel":"INFO","disableConsoleAfterReady":false,"outputJSON":false,"buffer":true,"appLogName":"egg-example-web.log","coreLogName":"egg-web.log","agentLogName":"egg-agent.log","errorLogName":"common-error.log","coreLogger":{"consoleLevel":"WARN"},"allowDebugAtProd":false,"type":"application"}
2020-01-02 17:29:33,567 INFO 18680 [egg-multipart] stream mode enable
2020-01-02 17:29:33,567 INFO 18680 [egg-mysql] connecting root@localhost:3306/egg
2020-01-02 17:29:33,800 INFO 18680 [egg-static] starting static serve /public/ -> F:\self\end-node\egg-example\app\public
2020-01-02 17:29:33,804 INFO 18680 [egg-security] use methodnoallow middleware
2020-01-02 17:29:33,806 INFO 18680 [egg-security] use noopen middleware
2020-01-02 17:29:33,807 INFO 18680 [egg-security] use nosniff middleware
2020-01-02 17:29:33,808 INFO 18680 [egg-security] use xssProtection middleware
2020-01-02 17:29:33,809 INFO 18680 [egg-security] use xframe middleware
2020-01-02 17:29:33,810 INFO 18680 [egg-security] use dta middleware
2020-01-02 17:29:33,810 INFO 18680 [egg-security] compose 6 middlewares into one security middleware
2020-01-02 17:29:33,828 INFO 18680 [egg:core] dump config after load, 7ms
2020-01-02 17:29:33,851 INFO 18680 [egg-watcher:application] watcher start success
2020-01-02 17:29:33,854 INFO 18680 [egg-mysql] instance[0] status OK, rds currentTime: Thu Jan 02 2020 17:29:33 GMT+0800 (GMT+08:00)
2020-01-02 17:29:33,864 INFO 18680 [egg:core] dump config after ready, 8ms
2020-01-02 17:32:35,645 INFO 7420 [egg:logger] init all loggers with options: {"dir":"F:\\self\\end-node\\egg-example\\logs\\egg-example","encoding":"utf8","env":"local","level":"INFO","consoleLevel":"INFO","disableConsoleAfterReady":false,"outputJSON":false,"buffer":true,"appLogName":"egg-example-web.log","coreLogName":"egg-web.log","agentLogName":"egg-agent.log","errorLogName":"common-error.log","coreLogger":{"consoleLevel":"WARN"},"allowDebugAtProd":false,"type":"application"}
2020-01-02 17:32:35,701 INFO 7420 [egg-multipart] stream mode enable
2020-01-02 17:32:35,701 INFO 7420 [egg-mysql] connecting root@localhost:3306/egg
2020-01-02 17:32:35,998 INFO 7420 [egg-static] starting static serve /public/ -> F:\self\end-node\egg-example\app\public
2020-01-02 17:32:36,003 INFO 7420 [egg-security] use methodnoallow middleware
2020-01-02 17:32:36,004 INFO 7420 [egg-security] use noopen middleware
2020-01-02 17:32:36,006 INFO 7420 [egg-security] use nosniff middleware
2020-01-02 17:32:36,008 INFO 7420 [egg-security] use xssProtection middleware
2020-01-02 17:32:36,009 INFO 7420 [egg-security] use xframe middleware
2020-01-02 17:32:36,011 INFO 7420 [egg-security] use dta middleware
2020-01-02 17:32:36,011 INFO 7420 [egg-security] compose 6 middlewares into one security middleware
2020-01-02 17:32:36,034 INFO 7420 [egg:core] dump config after load, 8ms
2020-01-02 17:32:36,058 INFO 7420 [egg-watcher:application] watcher start success
2020-01-02 17:32:36,064 INFO 7420 [egg-mysql] instance[0] status OK, rds currentTime: Thu Jan 02 2020 17:32:36 GMT+0800 (GMT+08:00)
2020-01-02 17:32:36,076 INFO 7420 [egg:core] dump config after ready, 9ms
2020-01-02 17:32:54,578 INFO 18964 [egg:logger] init all loggers with options: {"dir":"F:\\self\\end-node\\egg-example\\logs\\egg-example","encoding":"utf8","env":"local","level":"INFO","consoleLevel":"INFO","disableConsoleAfterReady":false,"outputJSON":false,"buffer":true,"appLogName":"egg-example-web.log","coreLogName":"egg-web.log","agentLogName":"egg-agent.log","errorLogName":"common-error.log","coreLogger":{"consoleLevel":"WARN"},"allowDebugAtProd":false,"type":"application"}
2020-01-02 17:32:54,618 INFO 18964 [egg-multipart] stream mode enable
2020-01-02 17:32:54,618 INFO 18964 [egg-mysql] connecting root@localhost:3306/egg
2020-01-02 17:32:54,851 INFO 18964 [egg-static] starting static serve /public/ -> F:\self\end-node\egg-example\app\public
2020-01-02 17:32:54,855 INFO 18964 [egg-security] use methodnoallow middleware
2020-01-02 17:32:54,856 INFO 18964 [egg-security] use noopen middleware
2020-01-02 17:32:54,858 INFO 18964 [egg-security] use nosniff middleware
2020-01-02 17:32:54,859 INFO 18964 [egg-security] use xssProtection middleware
2020-01-02 17:32:54,860 INFO 18964 [egg-security] use xframe middleware
2020-01-02 17:32:54,861 INFO 18964 [egg-security] use dta middleware
2020-01-02 17:32:54,862 INFO 18964 [egg-security] compose 6 middlewares into one security middleware
2020-01-02 17:32:54,879 INFO 18964 [egg:core] dump config after load, 7ms
2020-01-02 17:32:54,896 INFO 18964 [egg-watcher:application] watcher start success
2020-01-02 17:32:54,902 INFO 18964 [egg-mysql] instance[0] status OK, rds currentTime: Thu Jan 02 2020 17:32:54 GMT+0800 (GMT+08:00)
2020-01-02 17:32:54,912 INFO 18964 [egg:core] dump config after ready, 8ms
2020-01-02 17:33:35,325 INFO 20468 [egg:logger] init all loggers with options: {"dir":"F:\\self\\end-node\\egg-example\\logs\\egg-example","encoding":"utf8","env":"local","level":"INFO","consoleLevel":"INFO","disableConsoleAfterReady":false,"outputJSON":false,"buffer":true,"appLogName":"egg-example-web.log","coreLogName":"egg-web.log","agentLogName":"egg-agent.log","errorLogName":"common-error.log","coreLogger":{"consoleLevel":"WARN"},"allowDebugAtProd":false,"type":"application"}
2020-01-02 17:33:35,365 INFO 20468 [egg-multipart] stream mode enable
2020-01-02 17:33:35,365 INFO 20468 [egg-mysql] connecting root@localhost:3306/egg
2020-01-02 17:33:35,592 INFO 20468 [egg-static] starting static serve /public/ -> F:\self\end-node\egg-example\app\public
2020-01-02 17:33:35,596 INFO 20468 [egg-security] use methodnoallow middleware
2020-01-02 17:33:35,597 INFO 20468 [egg-security] use noopen middleware
2020-01-02 17:33:35,598 INFO 20468 [egg-security] use nosniff middleware
2020-01-02 17:33:35,599 INFO 20468 [egg-security] use xssProtection middleware
2020-01-02 17:33:35,601 INFO 20468 [egg-security] use xframe middleware
2020-01-02 17:33:35,602 INFO 20468 [egg-security] use dta middleware
2020-01-02 17:33:35,602 INFO 20468 [egg-security] compose 6 middlewares into one security middleware
2020-01-02 17:33:35,619 INFO 20468 [egg:core] dump config after load, 8ms
2020-01-02 17:33:35,634 INFO 20468 [egg-watcher:application] watcher start success
2020-01-02 17:33:35,640 INFO 20468 [egg-mysql] instance[0] status OK, rds currentTime: Thu Jan 02 2020 17:33:35 GMT+0800 (GMT+08:00)
2020-01-02 17:33:35,650 INFO 20468 [egg:core] dump config after ready, 8ms
