2020-01-02 12:17:37,081 INFO 15996 [egg-schedule]: register schedule F:\self\end-node\egg-example\node_modules\egg-multipart\app\schedule\clean_tmpdir.js
2020-01-02 12:17:37,081 INFO 15996 [egg-schedule]: register schedule F:\self\end-node\egg-example\node_modules\egg-logrotator\app\schedule\clean_log.js
2020-01-02 12:17:37,081 INFO 15996 [egg-schedule]: register schedule F:\self\end-node\egg-example\node_modules\egg-logrotator\app\schedule\rotate_by_file.js
2020-01-02 12:17:37,385 INFO 7464 [Timer] F:\self\end-node\egg-example\node_modules\egg-multipart\app\schedule\clean_tmpdir.js next time will execute after 58342618ms at 2020-01-03 04:30:00.003
2020-01-02 12:17:37,386 INFO 7464 [Timer] F:\self\end-node\egg-example\node_modules\egg-logrotator\app\schedule\clean_log.js next time will execute after 42142615ms at 2020-01-03 00:00:00.000
2020-01-02 12:17:37,386 INFO 7464 [Timer] F:\self\end-node\egg-example\node_modules\egg-logrotator\app\schedule\rotate_by_file.js next time will execute after 42143614ms at 2020-01-03 00:00:01.000
2020-01-02 12:18:40,655 INFO 16356 [egg-schedule]: register schedule F:\self\end-node\egg-example\node_modules\egg-multipart\app\schedule\clean_tmpdir.js
2020-01-02 12:18:40,655 INFO 16356 [egg-schedule]: register schedule F:\self\end-node\egg-example\node_modules\egg-logrotator\app\schedule\clean_log.js
2020-01-02 12:18:40,655 INFO 16356 [egg-schedule]: register schedule F:\self\end-node\egg-example\node_modules\egg-logrotator\app\schedule\rotate_by_file.js
2020-01-02 12:18:42,954 INFO 15528 [egg-schedule]: register schedule F:\self\end-node\egg-example\node_modules\egg-multipart\app\schedule\clean_tmpdir.js
2020-01-02 12:18:42,954 INFO 15528 [egg-schedule]: register schedule F:\self\end-node\egg-example\node_modules\egg-logrotator\app\schedule\clean_log.js
2020-01-02 12:18:42,954 INFO 15528 [egg-schedule]: register schedule F:\self\end-node\egg-example\node_modules\egg-logrotator\app\schedule\rotate_by_file.js
2020-01-02 12:18:55,525 INFO 11380 [egg-schedule]: register schedule F:\self\end-node\egg-example\node_modules\egg-multipart\app\schedule\clean_tmpdir.js
2020-01-02 12:18:55,525 INFO 11380 [egg-schedule]: register schedule F:\self\end-node\egg-example\node_modules\egg-logrotator\app\schedule\clean_log.js
2020-01-02 12:18:55,525 INFO 11380 [egg-schedule]: register schedule F:\self\end-node\egg-example\node_modules\egg-logrotator\app\schedule\rotate_by_file.js
2020-01-02 12:19:18,385 INFO 5068 [egg-schedule]: register schedule F:\self\end-node\egg-example\node_modules\egg-multipart\app\schedule\clean_tmpdir.js
2020-01-02 12:19:18,385 INFO 5068 [egg-schedule]: register schedule F:\self\end-node\egg-example\node_modules\egg-logrotator\app\schedule\clean_log.js
2020-01-02 12:19:18,385 INFO 5068 [egg-schedule]: register schedule F:\self\end-node\egg-example\node_modules\egg-logrotator\app\schedule\rotate_by_file.js
2020-01-02 12:23:56,755 INFO 15912 [egg-schedule]: register schedule F:\self\end-node\egg-example\node_modules\egg-multipart\app\schedule\clean_tmpdir.js
2020-01-02 12:23:56,755 INFO 15912 [egg-schedule]: register schedule F:\self\end-node\egg-example\node_modules\egg-logrotator\app\schedule\clean_log.js
2020-01-02 12:23:56,755 INFO 15912 [egg-schedule]: register schedule F:\self\end-node\egg-example\node_modules\egg-logrotator\app\schedule\rotate_by_file.js
2020-01-02 12:24:13,677 INFO 13124 [egg-schedule]: register schedule F:\self\end-node\egg-example\node_modules\egg-multipart\app\schedule\clean_tmpdir.js
2020-01-02 12:24:13,677 INFO 13124 [egg-schedule]: register schedule F:\self\end-node\egg-example\node_modules\egg-logrotator\app\schedule\clean_log.js
2020-01-02 12:24:13,677 INFO 13124 [egg-schedule]: register schedule F:\self\end-node\egg-example\node_modules\egg-logrotator\app\schedule\rotate_by_file.js
2020-01-02 12:24:25,874 INFO 13808 [egg-schedule]: register schedule F:\self\end-node\egg-example\node_modules\egg-multipart\app\schedule\clean_tmpdir.js
2020-01-02 12:24:25,874 INFO 13808 [egg-schedule]: register schedule F:\self\end-node\egg-example\node_modules\egg-logrotator\app\schedule\clean_log.js
2020-01-02 12:24:25,874 INFO 13808 [egg-schedule]: register schedule F:\self\end-node\egg-example\node_modules\egg-logrotator\app\schedule\rotate_by_file.js
2020-01-02 12:25:01,440 INFO 11080 [egg-schedule]: register schedule F:\self\end-node\egg-example\node_modules\egg-multipart\app\schedule\clean_tmpdir.js
2020-01-02 12:25:01,440 INFO 11080 [egg-schedule]: register schedule F:\self\end-node\egg-example\node_modules\egg-logrotator\app\schedule\clean_log.js
2020-01-02 12:25:01,440 INFO 11080 [egg-schedule]: register schedule F:\self\end-node\egg-example\node_modules\egg-logrotator\app\schedule\rotate_by_file.js
2020-01-02 12:25:03,667 INFO 13424 [egg-schedule]: register schedule F:\self\end-node\egg-example\node_modules\egg-multipart\app\schedule\clean_tmpdir.js
2020-01-02 12:25:03,667 INFO 13424 [egg-schedule]: register schedule F:\self\end-node\egg-example\node_modules\egg-logrotator\app\schedule\clean_log.js
2020-01-02 12:25:03,667 INFO 13424 [egg-schedule]: register schedule F:\self\end-node\egg-example\node_modules\egg-logrotator\app\schedule\rotate_by_file.js
2020-01-02 12:27:47,899 INFO 15972 [egg-schedule]: register schedule F:\self\end-node\egg-example\node_modules\egg-multipart\app\schedule\clean_tmpdir.js
2020-01-02 12:27:47,899 INFO 15972 [egg-schedule]: register schedule F:\self\end-node\egg-example\node_modules\egg-logrotator\app\schedule\clean_log.js
2020-01-02 12:27:47,899 INFO 15972 [egg-schedule]: register schedule F:\self\end-node\egg-example\node_modules\egg-logrotator\app\schedule\rotate_by_file.js
2020-01-02 12:32:20,528 INFO 16300 [egg-schedule]: register schedule F:\self\end-node\egg-example\node_modules\egg-multipart\app\schedule\clean_tmpdir.js
2020-01-02 12:32:20,528 INFO 16300 [egg-schedule]: register schedule F:\self\end-node\egg-example\node_modules\egg-logrotator\app\schedule\clean_log.js
2020-01-02 12:32:20,528 INFO 16300 [egg-schedule]: register schedule F:\self\end-node\egg-example\node_modules\egg-logrotator\app\schedule\rotate_by_file.js
2020-01-02 12:38:38,621 INFO 7272 [egg-schedule]: register schedule F:\self\end-node\egg-example\node_modules\egg-multipart\app\schedule\clean_tmpdir.js
2020-01-02 12:38:38,621 INFO 7272 [egg-schedule]: register schedule F:\self\end-node\egg-example\node_modules\egg-logrotator\app\schedule\clean_log.js
2020-01-02 12:38:38,621 INFO 7272 [egg-schedule]: register schedule F:\self\end-node\egg-example\node_modules\egg-logrotator\app\schedule\rotate_by_file.js
2020-01-02 12:51:59,106 INFO 15060 [Timer] F:\self\end-node\egg-example\node_modules\egg-multipart\app\schedule\clean_tmpdir.js next time will execute after 56280897ms at 2020-01-03 04:30:00.003
2020-01-02 12:51:59,106 INFO 15060 [Timer] F:\self\end-node\egg-example\node_modules\egg-logrotator\app\schedule\clean_log.js next time will execute after 40080894ms at 2020-01-03 00:00:00.000
2020-01-02 12:51:59,107 INFO 15060 [Timer] F:\self\end-node\egg-example\node_modules\egg-logrotator\app\schedule\rotate_by_file.js next time will execute after 40081893ms at 2020-01-03 00:00:01.000
2020-01-02 12:51:58,706 INFO 14248 [egg-schedule]: register schedule F:\self\end-node\egg-example\node_modules\egg-multipart\app\schedule\clean_tmpdir.js
2020-01-02 12:51:58,706 INFO 14248 [egg-schedule]: register schedule F:\self\end-node\egg-example\node_modules\egg-logrotator\app\schedule\clean_log.js
2020-01-02 12:51:58,706 INFO 14248 [egg-schedule]: register schedule F:\self\end-node\egg-example\node_modules\egg-logrotator\app\schedule\rotate_by_file.js
2020-01-02 12:52:00,882 INFO 15476 [egg-schedule]: register schedule F:\self\end-node\egg-example\node_modules\egg-multipart\app\schedule\clean_tmpdir.js
2020-01-02 12:52:00,883 INFO 15476 [egg-schedule]: register schedule F:\self\end-node\egg-example\node_modules\egg-logrotator\app\schedule\clean_log.js
2020-01-02 12:52:00,883 INFO 15476 [egg-schedule]: register schedule F:\self\end-node\egg-example\node_modules\egg-logrotator\app\schedule\rotate_by_file.js
2020-01-02 12:52:08,906 INFO 13136 [egg-schedule]: register schedule F:\self\end-node\egg-example\node_modules\egg-multipart\app\schedule\clean_tmpdir.js
2020-01-02 12:52:08,906 INFO 13136 [egg-schedule]: register schedule F:\self\end-node\egg-example\node_modules\egg-logrotator\app\schedule\clean_log.js
2020-01-02 12:52:08,906 INFO 13136 [egg-schedule]: register schedule F:\self\end-node\egg-example\node_modules\egg-logrotator\app\schedule\rotate_by_file.js
2020-01-02 12:52:18,305 INFO 14872 [egg-schedule]: register schedule F:\self\end-node\egg-example\node_modules\egg-multipart\app\schedule\clean_tmpdir.js
2020-01-02 12:52:18,305 INFO 14872 [egg-schedule]: register schedule F:\self\end-node\egg-example\node_modules\egg-logrotator\app\schedule\clean_log.js
2020-01-02 12:52:18,305 INFO 14872 [egg-schedule]: register schedule F:\self\end-node\egg-example\node_modules\egg-logrotator\app\schedule\rotate_by_file.js
2020-01-02 12:52:25,549 INFO 12464 [egg-schedule]: register schedule F:\self\end-node\egg-example\node_modules\egg-multipart\app\schedule\clean_tmpdir.js
2020-01-02 12:52:25,549 INFO 12464 [egg-schedule]: register schedule F:\self\end-node\egg-example\node_modules\egg-logrotator\app\schedule\clean_log.js
2020-01-02 12:52:25,549 INFO 12464 [egg-schedule]: register schedule F:\self\end-node\egg-example\node_modules\egg-logrotator\app\schedule\rotate_by_file.js
2020-01-02 13:01:06,292 INFO 16256 [egg-schedule]: register schedule F:\self\end-node\egg-example\node_modules\egg-multipart\app\schedule\clean_tmpdir.js
2020-01-02 13:01:06,292 INFO 16256 [egg-schedule]: register schedule F:\self\end-node\egg-example\node_modules\egg-logrotator\app\schedule\clean_log.js
2020-01-02 13:01:06,292 INFO 16256 [egg-schedule]: register schedule F:\self\end-node\egg-example\node_modules\egg-logrotator\app\schedule\rotate_by_file.js
2020-01-02 17:09:33,567 INFO 12560 [egg-schedule]: register schedule F:\self\end-node\egg-example\node_modules\egg-multipart\app\schedule\clean_tmpdir.js
2020-01-02 17:09:33,567 INFO 12560 [egg-schedule]: register schedule F:\self\end-node\egg-example\node_modules\egg-logrotator\app\schedule\clean_log.js
2020-01-02 17:09:33,567 INFO 12560 [egg-schedule]: register schedule F:\self\end-node\egg-example\node_modules\egg-logrotator\app\schedule\rotate_by_file.js
2020-01-02 17:09:52,871 INFO 19708 [egg-schedule]: register schedule F:\self\end-node\egg-example\node_modules\egg-multipart\app\schedule\clean_tmpdir.js
2020-01-02 17:09:52,871 INFO 19708 [egg-schedule]: register schedule F:\self\end-node\egg-example\node_modules\egg-logrotator\app\schedule\clean_log.js
2020-01-02 17:09:52,871 INFO 19708 [egg-schedule]: register schedule F:\self\end-node\egg-example\node_modules\egg-logrotator\app\schedule\rotate_by_file.js
2020-01-02 17:10:03,128 INFO 20348 [egg-schedule]: register schedule F:\self\end-node\egg-example\node_modules\egg-multipart\app\schedule\clean_tmpdir.js
2020-01-02 17:10:03,128 INFO 20348 [egg-schedule]: register schedule F:\self\end-node\egg-example\node_modules\egg-logrotator\app\schedule\clean_log.js
2020-01-02 17:10:03,128 INFO 20348 [egg-schedule]: register schedule F:\self\end-node\egg-example\node_modules\egg-logrotator\app\schedule\rotate_by_file.js
2020-01-02 17:28:47,341 INFO 20468 [egg-schedule]: register schedule F:\self\end-node\egg-example\node_modules\egg-multipart\app\schedule\clean_tmpdir.js
2020-01-02 17:28:47,341 INFO 20468 [egg-schedule]: register schedule F:\self\end-node\egg-example\node_modules\egg-logrotator\app\schedule\clean_log.js
2020-01-02 17:28:47,341 INFO 20468 [egg-schedule]: register schedule F:\self\end-node\egg-example\node_modules\egg-logrotator\app\schedule\rotate_by_file.js
2020-01-02 17:29:33,565 INFO 18680 [egg-schedule]: register schedule F:\self\end-node\egg-example\node_modules\egg-multipart\app\schedule\clean_tmpdir.js
2020-01-02 17:29:33,566 INFO 18680 [egg-schedule]: register schedule F:\self\end-node\egg-example\node_modules\egg-logrotator\app\schedule\clean_log.js
2020-01-02 17:29:33,566 INFO 18680 [egg-schedule]: register schedule F:\self\end-node\egg-example\node_modules\egg-logrotator\app\schedule\rotate_by_file.js
2020-01-02 17:32:35,699 INFO 7420 [egg-schedule]: register schedule F:\self\end-node\egg-example\node_modules\egg-multipart\app\schedule\clean_tmpdir.js
2020-01-02 17:32:35,699 INFO 7420 [egg-schedule]: register schedule F:\self\end-node\egg-example\node_modules\egg-logrotator\app\schedule\clean_log.js
2020-01-02 17:32:35,700 INFO 7420 [egg-schedule]: register schedule F:\self\end-node\egg-example\node_modules\egg-logrotator\app\schedule\rotate_by_file.js
2020-01-02 17:32:54,617 INFO 18964 [egg-schedule]: register schedule F:\self\end-node\egg-example\node_modules\egg-multipart\app\schedule\clean_tmpdir.js
2020-01-02 17:32:54,617 INFO 18964 [egg-schedule]: register schedule F:\self\end-node\egg-example\node_modules\egg-logrotator\app\schedule\clean_log.js
2020-01-02 17:32:54,617 INFO 18964 [egg-schedule]: register schedule F:\self\end-node\egg-example\node_modules\egg-logrotator\app\schedule\rotate_by_file.js
2020-01-02 17:33:35,364 INFO 20468 [egg-schedule]: register schedule F:\self\end-node\egg-example\node_modules\egg-multipart\app\schedule\clean_tmpdir.js
2020-01-02 17:33:35,364 INFO 20468 [egg-schedule]: register schedule F:\self\end-node\egg-example\node_modules\egg-logrotator\app\schedule\clean_log.js
2020-01-02 17:33:35,364 INFO 20468 [egg-schedule]: register schedule F:\self\end-node\egg-example\node_modules\egg-logrotator\app\schedule\rotate_by_file.js
